Copyright 1986-2018 Xilinx, Inc. All Rights Reserved.
----------------------------------------------------------------------------------------------------------------------------------------------
| Tool Version     : Vivado v.2018.2 (win64) Build 2258646 Thu Jun 14 20:03:12 MDT 2018
| Date             : Mon Dec  3 20:21:36 2018
| Host             : SurfaceBook-Will running 64-bit major release  (build 9200)
| Command          : report_power -file Game_top_power_routed.rpt -pb Game_top_power_summary_routed.pb -rpx Game_top_power_routed.rpx
| Design           : Game_top
| Device           : xc7a100tcsg324-1
| Design State     : routed
| Grade            : commercial
| Process          : typical
| Characterization : Production
----------------------------------------------------------------------------------------------------------------------------------------------

Power Report

Table of Contents
-----------------
1. Summary
1.1 On-Chip Components
1.2 Power Supply Summary
1.3 Confidence Level
2. Settings
2.1 Environment
2.2 Clock Constraints
3. Detailed Reports
3.1 By Hierarchy

1. Summary
----------

+--------------------------+--------------+
| Total On-Chip Power (W)  | 0.205        |
| Design Power Budget (W)  | Unspecified* |
| Power Budget Margin (W)  | NA           |
| Dynamic (W)              | 0.105        |
| Device Static (W)        | 0.101        |
| Effective TJA (C/W)      | 4.6          |
| Max Ambient (C)          | 84.1         |
| Junction Temperature (C) | 25.9         |
| Confidence Level         | Low          |
| Setting File             | ---          |
| Simulation Activity File | ---          |
| Design Nets Matched      | NA           |
+--------------------------+--------------+
* Specify Design Power Budget using, set_operating_conditions -design_power_budget <value in Watts>


1.1 On-Chip Components
----------------------

+----------------+-----------+----------+-----------+-----------------+
| On-Chip        | Power (W) | Used     | Available | Utilization (%) |
+----------------+-----------+----------+-----------+-----------------+
| Clocks         |     0.004 |        7 |       --- |             --- |
| Slice Logic    |     0.003 |     2151 |       --- |             --- |
|   LUT as Logic |     0.002 |     1059 |     63400 |            1.67 |
|   CARRY4       |    <0.001 |      122 |     15850 |            0.77 |
|   Register     |    <0.001 |      402 |    126800 |            0.32 |
|   BUFG         |    <0.001 |        2 |        32 |            6.25 |
|   F7/F8 Muxes  |    <0.001 |      114 |     63400 |            0.18 |
|   Others       |     0.000 |      179 |       --- |             --- |
| Signals        |     0.002 |     1783 |       --- |             --- |
| Block RAM      |    <0.001 |     75.5 |       135 |           55.93 |
| PLL            |     0.094 |        1 |         6 |           16.67 |
| DSPs           |     0.000 |        1 |       240 |            0.42 |
| I/O            |    <0.001 |       28 |       210 |           13.33 |
| Static Power   |     0.101 |          |           |                 |
| Total          |     0.205 |          |           |                 |
+----------------+-----------+----------+-----------+-----------------+


1.2 Power Supply Summary
------------------------

+-----------+-------------+-----------+-------------+------------+
| Source    | Voltage (V) | Total (A) | Dynamic (A) | Static (A) |
+-----------+-------------+-----------+-------------+------------+
| Vccint    |       1.000 |     0.034 |       0.017 |      0.017 |
| Vccaux    |       1.800 |     0.067 |       0.049 |      0.018 |
| Vcco33    |       3.300 |     0.004 |       0.000 |      0.004 |
| Vcco25    |       2.500 |     0.000 |       0.000 |      0.000 |
| Vcco18    |       1.800 |     0.000 |       0.000 |      0.000 |
| Vcco15    |       1.500 |     0.000 |       0.000 |      0.000 |
| Vcco135   |       1.350 |     0.000 |       0.000 |      0.000 |
| Vcco12    |       1.200 |     0.000 |       0.000 |      0.000 |
| Vccaux_io |       1.800 |     0.000 |       0.000 |      0.000 |
| Vccbram   |       1.000 |     0.002 |       0.000 |      0.002 |
| MGTAVcc   |       1.000 |     0.000 |       0.000 |      0.000 |
| MGTAVtt   |       1.200 |     0.000 |       0.000 |      0.000 |
| Vccadc    |       1.800 |     0.020 |       0.000 |      0.020 |
+-----------+-------------+-----------+-------------+------------+


1.3 Confidence Level
--------------------

+-----------------------------+------------+--------------------------------------------------------+--------------------------------------------------------------------------------------------------------------------+
| User Input Data             | Confidence | Details                                                | Action                                                                                                             |
+-----------------------------+------------+--------------------------------------------------------+--------------------------------------------------------------------------------------------------------------------+
| Design implementation state | High       | Design is routed                                       |                                                                                                                    |
| Clock nodes activity        | Low        | User specified less than 75% of clocks                 | Provide missing clock activity with a constraint file, simulation results or by editing the "By Clock Domain" view |
| I/O nodes activity          | Low        | More than 75% of inputs are missing user specification | Provide missing input activity with simulation results or by editing the "By Resource Type -> I/Os" view           |
| Internal nodes activity     | Medium     | User specified less than 25% of internal nodes         | Provide missing internal nodes activity with simulation results or by editing the "By Resource Type" views         |
| Device models               | High       | Device models are Production                           |                                                                                                                    |
|                             |            |                                                        |                                                                                                                    |
| Overall confidence level    | Low        |                                                        |                                                                                                                    |
+-----------------------------+------------+--------------------------------------------------------+--------------------------------------------------------------------------------------------------------------------+


2. Settings
-----------

2.1 Environment
---------------

+-----------------------+--------------------------+
| Ambient Temp (C)      | 25.0                     |
| ThetaJA (C/W)         | 4.6                      |
| Airflow (LFM)         | 250                      |
| Heat Sink             | medium (Medium Profile)  |
| ThetaSA (C/W)         | 4.6                      |
| Board Selection       | medium (10"x10")         |
| # of Board Layers     | 12to15 (12 to 15 Layers) |
| Board Temperature (C) | 25.0                     |
+-----------------------+--------------------------+


2.2 Clock Constraints
---------------------

+--------------------+-----------------------------------+-----------------+
| Clock              | Domain                            | Constraint (ns) |
+--------------------+-----------------------------------+-----------------+
| clk_out1_clk_wiz_0 | clkwizard/inst/clk_out1_clk_wiz_0 |            40.0 |
| clk_out2_clk_wiz_0 | clkwizard/inst/clk_out2_clk_wiz_0 |            20.0 |
| clkfbout_clk_wiz_0 | clkwizard/inst/clkfbout_clk_wiz_0 |            10.0 |
| sys_clk_pin        | clkin                             |            10.0 |
| sys_clk_pin        | clkin_IBUF_BUFG                   |            10.0 |
+--------------------+-----------------------------------+-----------------+


3. Detailed Reports
-------------------

3.1 By Hierarchy
----------------

+------------------------------------------------+-----------+
| Name                                           | Power (W) |
+------------------------------------------------+-----------+
| Game_top                                       |     0.105 |
|   clkwizard                                    |     0.095 |
|     inst                                       |     0.095 |
|   game                                         |     0.003 |
|     counter_unit                               |    <0.001 |
|     graph_unit                                 |     0.002 |
|     text_unit                                  |    <0.001 |
|       font_unit                                |    <0.001 |
|     timer_unit                                 |    <0.001 |
|     vsync_unit                                 |    <0.001 |
|   nolabel_line91                               |     0.001 |
|     U2                                         |    <0.001 |
|     U3                                         |     0.000 |
|     U4                                         |     0.001 |
|       U0                                       |     0.001 |
|         inst_blk_mem_gen                       |     0.001 |
|           gnbram.gnativebmg.native_blk_mem_gen |     0.001 |
|             valid.cstr                         |     0.001 |
|               has_mux_a.A                      |    <0.001 |
|               ramloop[0].ram.r                 |    <0.001 |
|                 prim_init.ram                  |    <0.001 |
|               ramloop[10].ram.r                |    <0.001 |
|                 prim_init.ram                  |    <0.001 |
|               ramloop[11].ram.r                |    <0.001 |
|                 prim_init.ram                  |    <0.001 |
|               ramloop[12].ram.r                |    <0.001 |
|                 prim_init.ram                  |    <0.001 |
|               ramloop[13].ram.r                |    <0.001 |
|                 prim_init.ram                  |    <0.001 |
|               ramloop[14].ram.r                |    <0.001 |
|                 prim_init.ram                  |    <0.001 |
|               ramloop[15].ram.r                |    <0.001 |
|                 prim_init.ram                  |    <0.001 |
|               ramloop[16].ram.r                |    <0.001 |
|                 prim_init.ram                  |    <0.001 |
|               ramloop[17].ram.r                |    <0.001 |
|                 prim_init.ram                  |    <0.001 |
|               ramloop[18].ram.r                |    <0.001 |
|                 prim_init.ram                  |    <0.001 |
|               ramloop[19].ram.r                |    <0.001 |
|                 prim_init.ram                  |    <0.001 |
|               ramloop[1].ram.r                 |    <0.001 |
|                 prim_init.ram                  |    <0.001 |
|               ramloop[20].ram.r                |    <0.001 |
|                 prim_init.ram                  |    <0.001 |
|               ramloop[21].ram.r                |    <0.001 |
|                 prim_init.ram                  |    <0.001 |
|               ramloop[22].ram.r                |    <0.001 |
|                 prim_init.ram                  |    <0.001 |
|               ramloop[23].ram.r                |    <0.001 |
|                 prim_init.ram                  |    <0.001 |
|               ramloop[24].ram.r                |    <0.001 |
|                 prim_init.ram                  |    <0.001 |
|               ramloop[25].ram.r                |    <0.001 |
|                 prim_init.ram                  |    <0.001 |
|               ramloop[26].ram.r                |    <0.001 |
|                 prim_init.ram                  |    <0.001 |
|               ramloop[27].ram.r                |    <0.001 |
|                 prim_init.ram                  |    <0.001 |
|               ramloop[28].ram.r                |    <0.001 |
|                 prim_init.ram                  |    <0.001 |
|               ramloop[29].ram.r                |    <0.001 |
|                 prim_init.ram                  |    <0.001 |
|               ramloop[2].ram.r                 |    <0.001 |
|                 prim_init.ram                  |    <0.001 |
|               ramloop[30].ram.r                |    <0.001 |
|                 prim_init.ram                  |    <0.001 |
|               ramloop[31].ram.r                |    <0.001 |
|                 prim_init.ram                  |    <0.001 |
|               ramloop[32].ram.r                |    <0.001 |
|                 prim_init.ram                  |    <0.001 |
|               ramloop[33].ram.r                |    <0.001 |
|                 prim_init.ram                  |    <0.001 |
|               ramloop[34].ram.r                |    <0.001 |
|                 prim_init.ram                  |    <0.001 |
|               ramloop[35].ram.r                |    <0.001 |
|                 prim_init.ram                  |    <0.001 |
|               ramloop[36].ram.r                |    <0.001 |
|                 prim_init.ram                  |    <0.001 |
|               ramloop[37].ram.r                |    <0.001 |
|                 prim_init.ram                  |    <0.001 |
|               ramloop[38].ram.r                |    <0.001 |
|                 prim_init.ram                  |    <0.001 |
|               ramloop[39].ram.r                |    <0.001 |
|                 prim_init.ram                  |    <0.001 |
|               ramloop[3].ram.r                 |    <0.001 |
|                 prim_init.ram                  |    <0.001 |
|               ramloop[40].ram.r                |    <0.001 |
|                 prim_init.ram                  |    <0.001 |
|               ramloop[41].ram.r                |    <0.001 |
|                 prim_init.ram                  |    <0.001 |
|               ramloop[42].ram.r                |    <0.001 |
|                 prim_init.ram                  |    <0.001 |
|               ramloop[43].ram.r                |    <0.001 |
|                 prim_init.ram                  |    <0.001 |
|               ramloop[44].ram.r                |    <0.001 |
|                 prim_init.ram                  |    <0.001 |
|               ramloop[45].ram.r                |    <0.001 |
|                 prim_init.ram                  |    <0.001 |
|               ramloop[46].ram.r                |    <0.001 |
|                 prim_init.ram                  |    <0.001 |
|               ramloop[47].ram.r                |    <0.001 |
|                 prim_init.ram                  |    <0.001 |
|               ramloop[48].ram.r                |    <0.001 |
|                 prim_init.ram                  |    <0.001 |
|               ramloop[49].ram.r                |    <0.001 |
|                 prim_init.ram                  |    <0.001 |
|               ramloop[4].ram.r                 |    <0.001 |
|                 prim_init.ram                  |    <0.001 |
|               ramloop[50].ram.r                |    <0.001 |
|                 prim_init.ram                  |    <0.001 |
|               ramloop[51].ram.r                |    <0.001 |
|                 prim_init.ram                  |    <0.001 |
|               ramloop[52].ram.r                |    <0.001 |
|                 prim_init.ram                  |    <0.001 |
|               ramloop[53].ram.r                |    <0.001 |
|                 prim_init.ram                  |    <0.001 |
|               ramloop[54].ram.r                |    <0.001 |
|                 prim_init.ram                  |    <0.001 |
|               ramloop[55].ram.r                |    <0.001 |
|                 prim_init.ram                  |    <0.001 |
|               ramloop[56].ram.r                |    <0.001 |
|                 prim_init.ram                  |    <0.001 |
|               ramloop[57].ram.r                |    <0.001 |
|                 prim_init.ram                  |    <0.001 |
|               ramloop[58].ram.r                |    <0.001 |
|                 prim_init.ram                  |    <0.001 |
|               ramloop[59].ram.r                |    <0.001 |
|                 prim_init.ram                  |    <0.001 |
|               ramloop[5].ram.r                 |    <0.001 |
|                 prim_init.ram                  |    <0.001 |
|               ramloop[60].ram.r                |    <0.001 |
|                 prim_init.ram                  |    <0.001 |
|               ramloop[61].ram.r                |    <0.001 |
|                 prim_init.ram                  |    <0.001 |
|               ramloop[62].ram.r                |    <0.001 |
|                 prim_init.ram                  |    <0.001 |
|               ramloop[63].ram.r                |    <0.001 |
|                 prim_init.ram                  |    <0.001 |
|               ramloop[64].ram.r                |    <0.001 |
|                 prim_init.ram                  |    <0.001 |
|               ramloop[65].ram.r                |    <0.001 |
|                 prim_init.ram                  |    <0.001 |
|               ramloop[66].ram.r                |    <0.001 |
|                 prim_init.ram                  |    <0.001 |
|               ramloop[67].ram.r                |    <0.001 |
|                 prim_init.ram                  |    <0.001 |
|               ramloop[68].ram.r                |    <0.001 |
|                 prim_init.ram                  |    <0.001 |
|               ramloop[69].ram.r                |    <0.001 |
|                 prim_init.ram                  |    <0.001 |
|               ramloop[6].ram.r                 |    <0.001 |
|                 prim_init.ram                  |    <0.001 |
|               ramloop[70].ram.r                |    <0.001 |
|                 prim_init.ram                  |    <0.001 |
|               ramloop[71].ram.r                |    <0.001 |
|                 prim_init.ram                  |    <0.001 |
|               ramloop[72].ram.r                |    <0.001 |
|                 prim_init.ram                  |    <0.001 |
|               ramloop[73].ram.r                |    <0.001 |
|                 prim_init.ram                  |    <0.001 |
|               ramloop[74].ram.r                |    <0.001 |
|                 prim_init.ram                  |    <0.001 |
|               ramloop[7].ram.r                 |    <0.001 |
|                 prim_init.ram                  |    <0.001 |
|               ramloop[8].ram.r                 |    <0.001 |
|                 prim_init.ram                  |    <0.001 |
|               ramloop[9].ram.r                 |    <0.001 |
|                 prim_init.ram                  |    <0.001 |
|   snake0                                       |     0.004 |
|     VGA                                        |     0.001 |
|     but                                        |    <0.001 |
|     divider                                    |    <0.001 |
|     ran                                        |    <0.001 |
|     upd                                        |    <0.001 |
+------------------------------------------------+-----------+


